<?xml version="1.0" encoding="UTF-8"?>
<!-- Generated by org.testng.reporters.JUnitReportReporter -->
<testsuite hostname="DESKTOP-G584E7M" name="QAmonCodeTest_AcquireAngel.SignPage_Pom_TestNG" tests="1" failures="0" timestamp="8 Jul 2021 21:40:39 GMT" time="4.791" errors="0">
  <testcase name="stepone" time="4.791" classname="QAmonCodeTest_AcquireAngel.SignPage_Pom_TestNG"/>
</testsuite> <!-- QAmonCodeTest_AcquireAngel.SignPage_Pom_TestNG -->
